2026-01-06 22:38:12,724 - __main__ - INFO - ============================================================
2026-01-06 22:38:12,725 - __main__ - INFO - REAL-TIME INFERENCE (DEMO MODE)
2026-01-06 22:38:12,725 - __main__ - INFO - ============================================================
2026-01-06 22:38:12,829 - src.anomaly_scorer - INFO - AnomalyScorer initialized
2026-01-06 22:38:12,831 - __main__ - INFO - No alert triggered
2026-01-06 22:38:12,832 - __main__ - INFO - Real-time demo complete
2026-01-06 22:38:17,058 - __main__ - INFO - ============================================================
2026-01-06 22:38:17,058 - __main__ - INFO - BATCH INFERENCE
2026-01-06 22:38:17,059 - __main__ - INFO - ============================================================
2026-01-06 22:38:17,148 - src.anomaly_scorer - INFO - AnomalyScorer initialized
2026-01-06 22:38:17,149 - __main__ - INFO - Loading feature CSV
2026-01-06 22:38:17,966 - __main__ - INFO - Loaded 326985 observations | Users: 1000
2026-01-06 22:38:17,966 - __main__ - INFO - Scoring observations
2026-01-06 22:38:17,967 - src.anomaly_scorer - INFO - Scoring 326,985 observations...
2026-01-06 22:49:54,997 - __main__ - INFO - ============================================================
2026-01-06 22:49:54,998 - __main__ - INFO - BATCH INFERENCE COMPLETE
2026-01-06 22:49:54,998 - __main__ - INFO - ============================================================
2026-01-06 22:50:00,096 - __main__ - INFO - ============================================================
2026-01-06 22:50:00,097 - __main__ - INFO - REAL-TIME INFERENCE (DEMO MODE)
2026-01-06 22:50:00,098 - __main__ - INFO - ============================================================
2026-01-06 22:50:00,098 - __main__ - INFO - Loading trained baselines → models/distributions/baselines.pkl
2026-01-06 22:50:00,200 - src.anomaly_scorer - INFO - AnomalyScorer initialized
2026-01-06 22:50:00,202 - __main__ - INFO - No alert triggered
2026-01-06 22:50:00,202 - __main__ - INFO - Real-time demo complete
2026-01-06 22:50:29,599 - __main__ - INFO - ============================================================
2026-01-06 22:50:29,599 - __main__ - INFO - BATCH INFERENCE
2026-01-06 22:50:29,600 - __main__ - INFO - ============================================================
2026-01-06 22:50:29,600 - __main__ - INFO - Loading trained baselines -> models/distributions/baselines.pkl
2026-01-06 22:50:29,683 - src.anomaly_scorer - INFO - AnomalyScorer initialized
2026-01-06 22:50:29,684 - __main__ - INFO - Loading feature CSV
2026-01-06 22:50:30,521 - __main__ - INFO - Loaded 326985 observations | Users: 1000
2026-01-06 22:50:30,522 - __main__ - INFO - Scoring observations
2026-01-06 22:50:30,522 - src.anomaly_scorer - INFO - Scoring 326,985 observations...
2026-01-06 22:58:21,931 - __main__ - INFO - Results saved -> results/inference_test
2026-01-06 22:58:21,936 - __main__ - INFO - ============================================================
2026-01-06 22:58:21,936 - __main__ - INFO - BATCH INFERENCE COMPLETE
2026-01-06 22:58:21,936 - __main__ - INFO - ============================================================
